<?xml version="1.0" encoding="UTF-8"?>
<!-- Generated by org.testng.reporters.JUnitReportReporter -->
<testsuite hostname="DESKTOP-JI937C6" failures="0" tests="1" name="com.comcast.CampaignTest.CampaignTest" time="0.023" errors="0" timestamp="2022-05-13T12:52:29 IST" skipped="0">
  <testcase classname="com.comcast.CampaignTest.CampaignTest" name="deletCampaignTest" time="0.023"/>
  <system-out/>
</testsuite> <!-- com.comcast.CampaignTest.CampaignTest -->
