<?xml version="1.0" encoding="UTF-8"?>
<!-- Generated by org.testng.reporters.JUnitReportReporter -->
<testsuite hostname="DESKTOP-JI937C6" failures="0" tests="3" name="com.comcast.CampaignTest.CampaignTest" time="0.031" errors="0" timestamp="2022-05-10T16:08:04 IST" skipped="0">
  <testcase classname="com.comcast.CampaignTest.CampaignTest" name="createCampaignTest" time="0.019"/>
  <system-out/>
  <testcase classname="com.comcast.CampaignTest.CampaignTest" name="editCampaignTest" time="0.006"/>
  <system-out/>
  <testcase classname="com.comcast.CampaignTest.CampaignTest" name="deletCampaignTest" time="0.006"/>
  <system-out/>
</testsuite> <!-- com.comcast.CampaignTest.CampaignTest -->
