<?xml version="1.0" encoding="UTF-8"?>
<!-- Generated by org.testng.reporters.JUnitReportReporter -->
<testsuite skipped="0" hostname="DESKTOP-JI937C6" name="com.comcast.ContactTest.ContactTest" tests="3" failures="0" timestamp="2022-05-10T17:33:18 IST" time="0.001" errors="0">
  <testcase name="deletContactTest" time="0.000" classname="com.comcast.ContactTest.ContactTest"/>
  <system-out/>
  <testcase name="editContactTest" time="0.000" classname="com.comcast.ContactTest.ContactTest"/>
  <system-out/>
  <testcase name="createContactTest" time="0.001" classname="com.comcast.ContactTest.ContactTest"/>
  <system-out/>
</testsuite> <!-- com.comcast.ContactTest.ContactTest -->
