<?xml version="1.0" encoding="UTF-8"?>
<!-- Generated by org.testng.reporters.JUnitReportReporter -->
<testsuite skipped="0" hostname="DESKTOP-JI937C6" name="com.comcast.CampaignTest.CampaignTest" tests="3" failures="0" timestamp="2022-05-10T17:33:18 IST" time="0.007" errors="0">
  <testcase name="deletCampaignTest" time="0.000" classname="com.comcast.CampaignTest.CampaignTest"/>
  <system-out/>
  <testcase name="editCampaignTest" time="0.000" classname="com.comcast.CampaignTest.CampaignTest"/>
  <system-out/>
  <testcase name="createCampaignTest" time="0.007" classname="com.comcast.CampaignTest.CampaignTest"/>
  <system-out/>
</testsuite> <!-- com.comcast.CampaignTest.CampaignTest -->
