<?xml version="1.0" encoding="UTF-8"?>
<!-- Generated by org.testng.reporters.JUnitReportReporter -->
<testsuite skipped="0" hostname="DESKTOP-JI937C6" name="com.comcast.OrgTest.OrganizationTest" tests="3" failures="0" timestamp="2022-05-10T17:33:18 IST" time="0.001" errors="0">
  <testcase name="createOrganizationTest" time="0.000" classname="com.comcast.OrgTest.OrganizationTest"/>
  <system-out/>
  <testcase name="deletOrganizationTest" time="0.001" classname="com.comcast.OrgTest.OrganizationTest"/>
  <system-out/>
  <testcase name="editOrganizationTest" time="0.000" classname="com.comcast.OrgTest.OrganizationTest"/>
  <system-out/>
</testsuite> <!-- com.comcast.OrgTest.OrganizationTest -->
